The system is: Windows - 10.0.17134 - AMD64
Compiling the C compiler identification source file "CMakeCCompilerId.c" succeeded.
Compiler:  
Build flags: 
Id flags:  

The output was:
0
Microsoft (R) Build Engine version 15.1.1012.6693
Copyright (C) Microsoft Corporation. All rights reserved.

Build started 9/15/2020 7:18:05 PM.
Project "f:\SDSU\Fall 2020\CS635\Assignment1\Assignment1_Kavya_Onkarappa_Sunanda_825893660\build\CMakeFiles\3.8.1\CompilerIdC\CompilerIdC.vcxproj" on node 1 (default targets).
PrepareForBuild:
  Creating directory "Debug\".
  Creating directory "Debug\CompilerIdC.tlog\".
InitializeBuildStatus:
  Creating "Debug\CompilerIdC.tlog\unsuccessfulbuild" because "AlwaysCreate" was specified.
ClCompile:
  C:\Program Files (x86)\Microsoft Visual Studio\2017\Community\VC\Tools\MSVC\14.10.25017\bin\HostX64\x64\CL.exe /c /nologo /W0 /WX- /diagnostics:classic /Od /D _MBCS /Gm- /EHsc /RTC1 /MDd /GS /fp:precise /Zc:wchar_t /Zc:forScope /Zc:inline /Fo"Debug\\" /Fd"Debug\vc141.pdb" /Gd /TC /errorReport:queue CMakeCCompilerId.c
  CMakeCCompilerId.c
Link:
  C:\Program Files (x86)\Microsoft Visual Studio\2017\Community\VC\Tools\MSVC\14.10.25017\bin\HostX64\x64\link.exe /ERRORREPORT:QUEUE /OUT:".\CompilerIdC.exe" /INCREMENTAL:NO /NOLOGO kernel32.lib user32.lib gdi32.lib winspool.lib comdlg32.lib advapi32.lib shell32.lib ole32.lib oleaut32.lib uuid.lib odbc32.lib odbccp32.lib /MANIFEST /MANIFESTUAC:"level='asInvoker' uiAccess='false'" /manifest:embed /PDB:".\CompilerIdC.pdb" /SUBSYSTEM:CONSOLE /TLBID:1 /DYNAMICBASE /NXCOMPAT /IMPLIB:".\CompilerIdC.lib" /MACHINE:X64 Debug\CMakeCCompilerId.obj
  CompilerIdC.vcxproj -> f:\SDSU\Fall 2020\CS635\Assignment1\Assignment1_Kavya_Onkarappa_Sunanda_825893660\build\CMakeFiles\3.8.1\CompilerIdC\.\CompilerIdC.exe
PostBuildEvent:
  for %%i in (cl.exe) do @echo CMAKE_C_COMPILER=%%~$PATH:i
  :VCEnd
  CMAKE_C_COMPILER=C:\Program Files (x86)\Microsoft Visual Studio\2017\Community\VC\Tools\MSVC\14.10.25017\bin\HostX64\x64\cl.exe
FinalizeBuildStatus:
  Deleting file "Debug\CompilerIdC.tlog\unsuccessfulbuild".
  Touching "Debug\CompilerIdC.tlog\CompilerIdC.lastbuildstate".
Done Building Project "f:\SDSU\Fall 2020\CS635\Assignment1\Assignment1_Kavya_Onkarappa_Sunanda_825893660\build\CMakeFiles\3.8.1\CompilerIdC\CompilerIdC.vcxproj" (default targets).

Build succeeded.
    0 Warning(s)
    0 Error(s)

Time Elapsed 00:00:16.23


Compilation of the C compiler identification source "CMakeCCompilerId.c" produced "CompilerIdC.exe"

Compilation of the C compiler identification source "CMakeCCompilerId.c" produced "CompilerIdC.vcxproj"

The C compiler identification is MSVC, found in "f:/SDSU/Fall 2020/CS635/Assignment1/Assignment1_Kavya_Onkarappa_Sunanda_825893660/build/CMakeFiles/3.8.1/CompilerIdC/CompilerIdC.exe"

Compiling the CXX compiler identification source file "CMakeCXXCompilerId.cpp" succeeded.
Compiler:  
Build flags: 
Id flags:  

The output was:
0
Microsoft (R) Build Engine version 15.1.1012.6693
Copyright (C) Microsoft Corporation. All rights reserved.

Build started 9/15/2020 7:18:25 PM.
Project "f:\SDSU\Fall 2020\CS635\Assignment1\Assignment1_Kavya_Onkarappa_Sunanda_825893660\build\CMakeFiles\3.8.1\CompilerIdCXX\CompilerIdCXX.vcxproj" on node 1 (default targets).
PrepareForBuild:
  Creating directory "Debug\".
  Creating directory "Debug\CompilerIdCXX.tlog\".
InitializeBuildStatus:
  Creating "Debug\CompilerIdCXX.tlog\unsuccessfulbuild" because "AlwaysCreate" was specified.
ClCompile:
  C:\Program Files (x86)\Microsoft Visual Studio\2017\Community\VC\Tools\MSVC\14.10.25017\bin\HostX64\x64\CL.exe /c /nologo /W0 /WX- /diagnostics:classic /Od /D _MBCS /Gm- /EHsc /RTC1 /MDd /GS /fp:precise /Zc:wchar_t /Zc:forScope /Zc:inline /Fo"Debug\\" /Fd"Debug\vc141.pdb" /Gd /TP /errorReport:queue CMakeCXXCompilerId.cpp
  CMakeCXXCompilerId.cpp
Link:
  C:\Program Files (x86)\Microsoft Visual Studio\2017\Community\VC\Tools\MSVC\14.10.25017\bin\HostX64\x64\link.exe /ERRORREPORT:QUEUE /OUT:".\CompilerIdCXX.exe" /INCREMENTAL:NO /NOLOGO kernel32.lib user32.lib gdi32.lib winspool.lib comdlg32.lib advapi32.lib shell32.lib ole32.lib oleaut32.lib uuid.lib odbc32.lib odbccp32.lib /MANIFEST /MANIFESTUAC:"level='asInvoker' uiAccess='false'" /manifest:embed /PDB:".\CompilerIdCXX.pdb" /SUBSYSTEM:CONSOLE /TLBID:1 /DYNAMICBASE /NXCOMPAT /IMPLIB:".\CompilerIdCXX.lib" /MACHINE:X64 Debug\CMakeCXXCompilerId.obj
  CompilerIdCXX.vcxproj -> f:\SDSU\Fall 2020\CS635\Assignment1\Assignment1_Kavya_Onkarappa_Sunanda_825893660\build\CMakeFiles\3.8.1\CompilerIdCXX\.\CompilerIdCXX.exe
PostBuildEvent:
  for %%i in (cl.exe) do @echo CMAKE_CXX_COMPILER=%%~$PATH:i
  :VCEnd
  CMAKE_CXX_COMPILER=C:\Program Files (x86)\Microsoft Visual Studio\2017\Community\VC\Tools\MSVC\14.10.25017\bin\HostX64\x64\cl.exe
FinalizeBuildStatus:
  Deleting file "Debug\CompilerIdCXX.tlog\unsuccessfulbuild".
  Touching "Debug\CompilerIdCXX.tlog\CompilerIdCXX.lastbuildstate".
Done Building Project "f:\SDSU\Fall 2020\CS635\Assignment1\Assignment1_Kavya_Onkarappa_Sunanda_825893660\build\CMakeFiles\3.8.1\CompilerIdCXX\CompilerIdCXX.vcxproj" (default targets).

Build succeeded.
    0 Warning(s)
    0 Error(s)

Time Elapsed 00:00:10.84


Compilation of the CXX compiler identification source "CMakeCXXCompilerId.cpp" produced "CompilerIdCXX.exe"

Compilation of the CXX compiler identification source "CMakeCXXCompilerId.cpp" produced "CompilerIdCXX.vcxproj"

The CXX compiler identification is MSVC, found in "f:/SDSU/Fall 2020/CS635/Assignment1/Assignment1_Kavya_Onkarappa_Sunanda_825893660/build/CMakeFiles/3.8.1/CompilerIdCXX/CompilerIdCXX.exe"

Determining if the C compiler works passed with the following output:
Change Dir: f:/SDSU/Fall 2020/CS635/Assignment1/Assignment1_Kavya_Onkarappa_Sunanda_825893660/build/CMakeFiles/CMakeTmp

Run Build Command:"C:\Program Files (x86)\Microsoft Visual Studio\2017\Community/MSBuild/15.0/Bin/MSBuild.exe" "cmTC_ab57f.vcxproj" "/p:Configuration=Debug" "/p:VisualStudioVersion=15.0"
Microsoft (R) Build Engine version 15.1.1012.6693
Copyright (C) Microsoft Corporation. All rights reserved.

Build started 9/15/2020 7:18:46 PM.
Project "f:\SDSU\Fall 2020\CS635\Assignment1\Assignment1_Kavya_Onkarappa_Sunanda_825893660\build\CMakeFiles\CMakeTmp\cmTC_ab57f.vcxproj" on node 1 (default targets).
PrepareForBuild:
  Creating directory "cmTC_ab57f.dir\Debug\".
  Creating directory "F:\SDSU\Fall 2020\CS635\Assignment1\Assignment1_Kavya_Onkarappa_Sunanda_825893660\build\CMakeFiles\CMakeTmp\Debug\".
  Creating directory "cmTC_ab57f.dir\Debug\cmTC_ab57f.tlog\".
InitializeBuildStatus:
  Creating "cmTC_ab57f.dir\Debug\cmTC_ab57f.tlog\unsuccessfulbuild" because "AlwaysCreate" was specified.
ClCompile:
  C:\Program Files (x86)\Microsoft Visual Studio\2017\Community\VC\Tools\MSVC\14.10.25017\bin\HostX64\x64\CL.exe /c /Zi /W3 /WX- /diagnostics:classic /Od /Ob0 /D WIN32 /D _WINDOWS /D "CMAKE_INTDIR=\"Debug\"" /D _MBCS /Gm- /RTC1 /MDd /GS /fp:precise /Zc:wchar_t /Zc:forScope /Zc:inline /Fo"cmTC_ab57f.dir\Debug\\" /Fd"cmTC_ab57f.dir\Debug\vc141.pdb" /Gd /TC /errorReport:queue "F:\SDSU\Fall 2020\CS635\Assignment1\Assignment1_Kavya_Onkarappa_Sunanda_825893660\build\CMakeFiles\CMakeTmp\testCCompiler.c"
  Microsoft (R) C/C++ Optimizing Compiler Version 19.10.25019 for x64
  Copyright (C) Microsoft Corporation.  All rights reserved.
  
  cl /c /Zi /W3 /WX- /diagnostics:classic /Od /Ob0 /D WIN32 /D _WINDOWS /D "CMAKE_INTDIR=\"Debug\"" /D _MBCS /Gm- /RTC1 /MDd /GS /fp:precise /Zc:wchar_t /Zc:forScope /Zc:inline /Fo"cmTC_ab57f.dir\Debug\\" /Fd"cmTC_ab57f.dir\Debug\vc141.pdb" /Gd /TC /errorReport:queue "F:\SDSU\Fall 2020\CS635\Assignment1\Assignment1_Kavya_Onkarappa_Sunanda_825893660\build\CMakeFiles\CMakeTmp\testCCompiler.c"
  testCCompiler.c
  
Link:
  C:\Program Files (x86)\Microsoft Visual Studio\2017\Community\VC\Tools\MSVC\14.10.25017\bin\HostX64\x64\link.exe /ERRORREPORT:QUEUE /OUT:"F:\SDSU\Fall 2020\CS635\Assignment1\Assignment1_Kavya_Onkarappa_Sunanda_825893660\build\CMakeFiles\CMakeTmp\Debug\cmTC_ab57f.exe" /INCREMENTAL /NOLOGO kernel32.lib user32.lib gdi32.lib winspool.lib shell32.lib ole32.lib oleaut32.lib uuid.lib comdlg32.lib advapi32.lib /MANIFEST /MANIFESTUAC:"level='asInvoker' uiAccess='false'" /manifest:embed /DEBUG /PDB:"F:/SDSU/Fall 2020/CS635/Assignment1/Assignment1_Kavya_Onkarappa_Sunanda_825893660/build/CMakeFiles/CMakeTmp/Debug/cmTC_ab57f.pdb" /SUBSYSTEM:CONSOLE /TLBID:1 /DYNAMICBASE /NXCOMPAT /IMPLIB:"F:/SDSU/Fall 2020/CS635/Assignment1/Assignment1_Kavya_Onkarappa_Sunanda_825893660/build/CMakeFiles/CMakeTmp/Debug/cmTC_ab57f.lib" /MACHINE:X64   /machine:x64 cmTC_ab57f.dir\Debug\testCCompiler.obj
  cmTC_ab57f.vcxproj -> F:\SDSU\Fall 2020\CS635\Assignment1\Assignment1_Kavya_Onkarappa_Sunanda_825893660\build\CMakeFiles\CMakeTmp\Debug\cmTC_ab57f.exe
FinalizeBuildStatus:
  Deleting file "cmTC_ab57f.dir\Debug\cmTC_ab57f.tlog\unsuccessfulbuild".
  Touching "cmTC_ab57f.dir\Debug\cmTC_ab57f.tlog\cmTC_ab57f.lastbuildstate".
Done Building Project "f:\SDSU\Fall 2020\CS635\Assignment1\Assignment1_Kavya_Onkarappa_Sunanda_825893660\build\CMakeFiles\CMakeTmp\cmTC_ab57f.vcxproj" (default targets).

Build succeeded.
    0 Warning(s)
    0 Error(s)

Time Elapsed 00:00:05.65


Detecting C compiler ABI info compiled with the following output:
Change Dir: f:/SDSU/Fall 2020/CS635/Assignment1/Assignment1_Kavya_Onkarappa_Sunanda_825893660/build/CMakeFiles/CMakeTmp

Run Build Command:"C:\Program Files (x86)\Microsoft Visual Studio\2017\Community/MSBuild/15.0/Bin/MSBuild.exe" "cmTC_944b9.vcxproj" "/p:Configuration=Debug" "/p:VisualStudioVersion=15.0"
Microsoft (R) Build Engine version 15.1.1012.6693
Copyright (C) Microsoft Corporation. All rights reserved.

Build started 9/15/2020 7:18:58 PM.
Project "f:\SDSU\Fall 2020\CS635\Assignment1\Assignment1_Kavya_Onkarappa_Sunanda_825893660\build\CMakeFiles\CMakeTmp\cmTC_944b9.vcxproj" on node 1 (default targets).
PrepareForBuild:
  Creating directory "cmTC_944b9.dir\Debug\".
  Creating directory "F:\SDSU\Fall 2020\CS635\Assignment1\Assignment1_Kavya_Onkarappa_Sunanda_825893660\build\CMakeFiles\CMakeTmp\Debug\".
  Creating directory "cmTC_944b9.dir\Debug\cmTC_944b9.tlog\".
InitializeBuildStatus:
  Creating "cmTC_944b9.dir\Debug\cmTC_944b9.tlog\unsuccessfulbuild" because "AlwaysCreate" was specified.
ClCompile:
  C:\Program Files (x86)\Microsoft Visual Studio\2017\Community\VC\Tools\MSVC\14.10.25017\bin\HostX64\x64\CL.exe /c /Zi /W3 /WX- /diagnostics:classic /Od /Ob0 /D WIN32 /D _WINDOWS /D "CMAKE_INTDIR=\"Debug\"" /D _MBCS /Gm- /RTC1 /MDd /GS /fp:precise /Zc:wchar_t /Zc:forScope /Zc:inline /Fo"cmTC_944b9.dir\Debug\\" /Fd"cmTC_944b9.dir\Debug\vc141.pdb" /Gd /TC /errorReport:queue "C:\Program Files (x86)\CMake\share\cmake-3.8\Modules\CMakeCCompilerABI.c"
  Microsoft (R) C/C++ Optimizing Compiler Version 19.10.25019 for x64
  Copyright (C) Microsoft Corporation.  All rights reserved.
  
  cl /c /Zi /W3 /WX- /diagnostics:classic /Od /Ob0 /D WIN32 /D _WINDOWS /D "CMAKE_INTDIR=\"Debug\"" /D _MBCS /Gm- /RTC1 /MDd /GS /fp:precise /Zc:wchar_t /Zc:forScope /Zc:inline /Fo"cmTC_944b9.dir\Debug\\" /Fd"cmTC_944b9.dir\Debug\vc141.pdb" /Gd /TC /errorReport:queue "C:\Program Files (x86)\CMake\share\cmake-3.8\Modules\CMakeCCompilerABI.c"
  CMakeCCompilerABI.c
  
Link:
  C:\Program Files (x86)\Microsoft Visual Studio\2017\Community\VC\Tools\MSVC\14.10.25017\bin\HostX64\x64\link.exe /ERRORREPORT:QUEUE /OUT:"F:\SDSU\Fall 2020\CS635\Assignment1\Assignment1_Kavya_Onkarappa_Sunanda_825893660\build\CMakeFiles\CMakeTmp\Debug\cmTC_944b9.exe" /INCREMENTAL /NOLOGO kernel32.lib user32.lib gdi32.lib winspool.lib shell32.lib ole32.lib oleaut32.lib uuid.lib comdlg32.lib advapi32.lib /MANIFEST /MANIFESTUAC:"level='asInvoker' uiAccess='false'" /manifest:embed /DEBUG /PDB:"F:/SDSU/Fall 2020/CS635/Assignment1/Assignment1_Kavya_Onkarappa_Sunanda_825893660/build/CMakeFiles/CMakeTmp/Debug/cmTC_944b9.pdb" /SUBSYSTEM:CONSOLE /TLBID:1 /DYNAMICBASE /NXCOMPAT /IMPLIB:"F:/SDSU/Fall 2020/CS635/Assignment1/Assignment1_Kavya_Onkarappa_Sunanda_825893660/build/CMakeFiles/CMakeTmp/Debug/cmTC_944b9.lib" /MACHINE:X64   /machine:x64 cmTC_944b9.dir\Debug\CMakeCCompilerABI.obj
  cmTC_944b9.vcxproj -> F:\SDSU\Fall 2020\CS635\Assignment1\Assignment1_Kavya_Onkarappa_Sunanda_825893660\build\CMakeFiles\CMakeTmp\Debug\cmTC_944b9.exe
FinalizeBuildStatus:
  Deleting file "cmTC_944b9.dir\Debug\cmTC_944b9.tlog\unsuccessfulbuild".
  Touching "cmTC_944b9.dir\Debug\cmTC_944b9.tlog\cmTC_944b9.lastbuildstate".
Done Building Project "f:\SDSU\Fall 2020\CS635\Assignment1\Assignment1_Kavya_Onkarappa_Sunanda_825893660\build\CMakeFiles\CMakeTmp\cmTC_944b9.vcxproj" (default targets).

Build succeeded.
    0 Warning(s)
    0 Error(s)

Time Elapsed 00:00:10.63


Determining if the CXX compiler works passed with the following output:
Change Dir: f:/SDSU/Fall 2020/CS635/Assignment1/Assignment1_Kavya_Onkarappa_Sunanda_825893660/build/CMakeFiles/CMakeTmp

Run Build Command:"C:\Program Files (x86)\Microsoft Visual Studio\2017\Community/MSBuild/15.0/Bin/MSBuild.exe" "cmTC_46093.vcxproj" "/p:Configuration=Debug" "/p:VisualStudioVersion=15.0"
Microsoft (R) Build Engine version 15.1.1012.6693
Copyright (C) Microsoft Corporation. All rights reserved.

Build started 9/15/2020 7:19:14 PM.
Project "f:\SDSU\Fall 2020\CS635\Assignment1\Assignment1_Kavya_Onkarappa_Sunanda_825893660\build\CMakeFiles\CMakeTmp\cmTC_46093.vcxproj" on node 1 (default targets).
PrepareForBuild:
  Creating directory "cmTC_46093.dir\Debug\".
  Creating directory "F:\SDSU\Fall 2020\CS635\Assignment1\Assignment1_Kavya_Onkarappa_Sunanda_825893660\build\CMakeFiles\CMakeTmp\Debug\".
  Creating directory "cmTC_46093.dir\Debug\cmTC_46093.tlog\".
InitializeBuildStatus:
  Creating "cmTC_46093.dir\Debug\cmTC_46093.tlog\unsuccessfulbuild" because "AlwaysCreate" was specified.
ClCompile:
  C:\Program Files (x86)\Microsoft Visual Studio\2017\Community\VC\Tools\MSVC\14.10.25017\bin\HostX64\x64\CL.exe /c /Zi /W3 /WX- /diagnostics:classic /Od /Ob0 /D WIN32 /D _WINDOWS /D "CMAKE_INTDIR=\"Debug\"" /D _MBCS /Gm- /EHsc /RTC1 /MDd /GS /fp:precise /Zc:wchar_t /Zc:forScope /Zc:inline /GR /Fo"cmTC_46093.dir\Debug\\" /Fd"cmTC_46093.dir\Debug\vc141.pdb" /Gd /TP /errorReport:queue "F:\SDSU\Fall 2020\CS635\Assignment1\Assignment1_Kavya_Onkarappa_Sunanda_825893660\build\CMakeFiles\CMakeTmp\testCXXCompiler.cxx"
  Microsoft (R) C/C++ Optimizing Compiler Version 19.10.25019 for x64
  Copyright (C) Microsoft Corporation.  All rights reserved.
  
  cl /c /Zi /W3 /WX- /diagnostics:classic /Od /Ob0 /D WIN32 /D _WINDOWS /D "CMAKE_INTDIR=\"Debug\"" /D _MBCS /Gm- /EHsc /RTC1 /MDd /GS /fp:precise /Zc:wchar_t /Zc:forScope /Zc:inline /GR /Fo"cmTC_46093.dir\Debug\\" /Fd"cmTC_46093.dir\Debug\vc141.pdb" /Gd /TP /errorReport:queue "F:\SDSU\Fall 2020\CS635\Assignment1\Assignment1_Kavya_Onkarappa_Sunanda_825893660\build\CMakeFiles\CMakeTmp\testCXXCompiler.cxx"
  testCXXCompiler.cxx
  
Link:
  C:\Program Files (x86)\Microsoft Visual Studio\2017\Community\VC\Tools\MSVC\14.10.25017\bin\HostX64\x64\link.exe /ERRORREPORT:QUEUE /OUT:"F:\SDSU\Fall 2020\CS635\Assignment1\Assignment1_Kavya_Onkarappa_Sunanda_825893660\build\CMakeFiles\CMakeTmp\Debug\cmTC_46093.exe" /INCREMENTAL /NOLOGO kernel32.lib user32.lib gdi32.lib winspool.lib shell32.lib ole32.lib oleaut32.lib uuid.lib comdlg32.lib advapi32.lib /MANIFEST /MANIFESTUAC:"level='asInvoker' uiAccess='false'" /manifest:embed /DEBUG /PDB:"F:/SDSU/Fall 2020/CS635/Assignment1/Assignment1_Kavya_Onkarappa_Sunanda_825893660/build/CMakeFiles/CMakeTmp/Debug/cmTC_46093.pdb" /SUBSYSTEM:CONSOLE /TLBID:1 /DYNAMICBASE /NXCOMPAT /IMPLIB:"F:/SDSU/Fall 2020/CS635/Assignment1/Assignment1_Kavya_Onkarappa_Sunanda_825893660/build/CMakeFiles/CMakeTmp/Debug/cmTC_46093.lib" /MACHINE:X64   /machine:x64 cmTC_46093.dir\Debug\testCXXCompiler.obj
  cmTC_46093.vcxproj -> F:\SDSU\Fall 2020\CS635\Assignment1\Assignment1_Kavya_Onkarappa_Sunanda_825893660\build\CMakeFiles\CMakeTmp\Debug\cmTC_46093.exe
FinalizeBuildStatus:
  Deleting file "cmTC_46093.dir\Debug\cmTC_46093.tlog\unsuccessfulbuild".
  Touching "cmTC_46093.dir\Debug\cmTC_46093.tlog\cmTC_46093.lastbuildstate".
Done Building Project "f:\SDSU\Fall 2020\CS635\Assignment1\Assignment1_Kavya_Onkarappa_Sunanda_825893660\build\CMakeFiles\CMakeTmp\cmTC_46093.vcxproj" (default targets).

Build succeeded.
    0 Warning(s)
    0 Error(s)

Time Elapsed 00:00:11.77


Detecting CXX compiler ABI info compiled with the following output:
Change Dir: f:/SDSU/Fall 2020/CS635/Assignment1/Assignment1_Kavya_Onkarappa_Sunanda_825893660/build/CMakeFiles/CMakeTmp

Run Build Command:"C:\Program Files (x86)\Microsoft Visual Studio\2017\Community/MSBuild/15.0/Bin/MSBuild.exe" "cmTC_ac2ea.vcxproj" "/p:Configuration=Debug" "/p:VisualStudioVersion=15.0"
Microsoft (R) Build Engine version 15.1.1012.6693
Copyright (C) Microsoft Corporation. All rights reserved.

Build started 9/15/2020 7:19:27 PM.
Project "f:\SDSU\Fall 2020\CS635\Assignment1\Assignment1_Kavya_Onkarappa_Sunanda_825893660\build\CMakeFiles\CMakeTmp\cmTC_ac2ea.vcxproj" on node 1 (default targets).
PrepareForBuild:
  Creating directory "cmTC_ac2ea.dir\Debug\".
  Creating directory "F:\SDSU\Fall 2020\CS635\Assignment1\Assignment1_Kavya_Onkarappa_Sunanda_825893660\build\CMakeFiles\CMakeTmp\Debug\".
  Creating directory "cmTC_ac2ea.dir\Debug\cmTC_ac2ea.tlog\".
InitializeBuildStatus:
  Creating "cmTC_ac2ea.dir\Debug\cmTC_ac2ea.tlog\unsuccessfulbuild" because "AlwaysCreate" was specified.
ClCompile:
  C:\Program Files (x86)\Microsoft Visual Studio\2017\Community\VC\Tools\MSVC\14.10.25017\bin\HostX64\x64\CL.exe /c /Zi /W3 /WX- /diagnostics:classic /Od /Ob0 /D WIN32 /D _WINDOWS /D "CMAKE_INTDIR=\"Debug\"" /D _MBCS /Gm- /EHsc /RTC1 /MDd /GS /fp:precise /Zc:wchar_t /Zc:forScope /Zc:inline /GR /Fo"cmTC_ac2ea.dir\Debug\\" /Fd"cmTC_ac2ea.dir\Debug\vc141.pdb" /Gd /TP /errorReport:queue "C:\Program Files (x86)\CMake\share\cmake-3.8\Modules\CMakeCXXCompilerABI.cpp"
  Microsoft (R) C/C++ Optimizing Compiler Version 19.10.25019 for x64
  Copyright (C) Microsoft Corporation.  All rights reserved.
  
  cl /c /Zi /W3 /WX- /diagnostics:classic /Od /Ob0 /D WIN32 /D _WINDOWS /D "CMAKE_INTDIR=\"Debug\"" /D _MBCS /Gm- /EHsc /RTC1 /MDd /GS /fp:precise /Zc:wchar_t /Zc:forScope /Zc:inline /GR /Fo"cmTC_ac2ea.dir\Debug\\" /Fd"cmTC_ac2ea.dir\Debug\vc141.pdb" /Gd /TP /errorReport:queue "C:\Program Files (x86)\CMake\share\cmake-3.8\Modules\CMakeCXXCompilerABI.cpp"
  CMakeCXXCompilerABI.cpp
  
Link:
  C:\Program Files (x86)\Microsoft Visual Studio\2017\Community\VC\Tools\MSVC\14.10.25017\bin\HostX64\x64\link.exe /ERRORREPORT:QUEUE /OUT:"F:\SDSU\Fall 2020\CS635\Assignment1\Assignment1_Kavya_Onkarappa_Sunanda_825893660\build\CMakeFiles\CMakeTmp\Debug\cmTC_ac2ea.exe" /INCREMENTAL /NOLOGO kernel32.lib user32.lib gdi32.lib winspool.lib shell32.lib ole32.lib oleaut32.lib uuid.lib comdlg32.lib advapi32.lib /MANIFEST /MANIFESTUAC:"level='asInvoker' uiAccess='false'" /manifest:embed /DEBUG /PDB:"F:/SDSU/Fall 2020/CS635/Assignment1/Assignment1_Kavya_Onkarappa_Sunanda_825893660/build/CMakeFiles/CMakeTmp/Debug/cmTC_ac2ea.pdb" /SUBSYSTEM:CONSOLE /TLBID:1 /DYNAMICBASE /NXCOMPAT /IMPLIB:"F:/SDSU/Fall 2020/CS635/Assignment1/Assignment1_Kavya_Onkarappa_Sunanda_825893660/build/CMakeFiles/CMakeTmp/Debug/cmTC_ac2ea.lib" /MACHINE:X64   /machine:x64 cmTC_ac2ea.dir\Debug\CMakeCXXCompilerABI.obj
  cmTC_ac2ea.vcxproj -> F:\SDSU\Fall 2020\CS635\Assignment1\Assignment1_Kavya_Onkarappa_Sunanda_825893660\build\CMakeFiles\CMakeTmp\Debug\cmTC_ac2ea.exe
FinalizeBuildStatus:
  Deleting file "cmTC_ac2ea.dir\Debug\cmTC_ac2ea.tlog\unsuccessfulbuild".
  Touching "cmTC_ac2ea.dir\Debug\cmTC_ac2ea.tlog\cmTC_ac2ea.lastbuildstate".
Done Building Project "f:\SDSU\Fall 2020\CS635\Assignment1\Assignment1_Kavya_Onkarappa_Sunanda_825893660\build\CMakeFiles\CMakeTmp\cmTC_ac2ea.vcxproj" (default targets).

Build succeeded.
    0 Warning(s)
    0 Error(s)

Time Elapsed 00:00:05.99




Detecting CXX [] compiler features compiled with the following output:
Change Dir: f:/SDSU/Fall 2020/CS635/Assignment1/Assignment1_Kavya_Onkarappa_Sunanda_825893660/build/CMakeFiles/CMakeTmp

Run Build Command:"C:\Program Files (x86)\Microsoft Visual Studio\2017\Community/MSBuild/15.0/Bin/MSBuild.exe" "cmTC_f0992.vcxproj" "/p:Configuration=Debug" "/p:VisualStudioVersion=15.0"
Microsoft (R) Build Engine version 15.1.1012.6693
Copyright (C) Microsoft Corporation. All rights reserved.

Build started 9/15/2020 7:19:35 PM.
Project "f:\SDSU\Fall 2020\CS635\Assignment1\Assignment1_Kavya_Onkarappa_Sunanda_825893660\build\CMakeFiles\CMakeTmp\cmTC_f0992.vcxproj" on node 1 (default targets).
PrepareForBuild:
  Creating directory "cmTC_f0992.dir\Debug\".
  Creating directory "F:\SDSU\Fall 2020\CS635\Assignment1\Assignment1_Kavya_Onkarappa_Sunanda_825893660\build\CMakeFiles\CMakeTmp\Debug\".
  Creating directory "cmTC_f0992.dir\Debug\cmTC_f0992.tlog\".
InitializeBuildStatus:
  Creating "cmTC_f0992.dir\Debug\cmTC_f0992.tlog\unsuccessfulbuild" because "AlwaysCreate" was specified.
ClCompile:
  C:\Program Files (x86)\Microsoft Visual Studio\2017\Community\VC\Tools\MSVC\14.10.25017\bin\HostX64\x64\CL.exe /c /Zi /W3 /WX- /diagnostics:classic /Od /Ob0 /D WIN32 /D _WINDOWS /D "CMAKE_INTDIR=\"Debug\"" /D _MBCS /Gm- /EHsc /RTC1 /MDd /GS /fp:precise /Zc:wchar_t /Zc:forScope /Zc:inline /GR /Fo"cmTC_f0992.dir\Debug\\" /Fd"cmTC_f0992.dir\Debug\vc141.pdb" /Gd /TP /errorReport:queue "F:\SDSU\Fall 2020\CS635\Assignment1\Assignment1_Kavya_Onkarappa_Sunanda_825893660\build\CMakeFiles\feature_tests.cxx"
  Microsoft (R) C/C++ Optimizing Compiler Version 19.10.25019 for x64
  Copyright (C) Microsoft Corporation.  All rights reserved.
  
  cl /c /Zi /W3 /WX- /diagnostics:classic /Od /Ob0 /D WIN32 /D _WINDOWS /D "CMAKE_INTDIR=\"Debug\"" /D _MBCS /Gm- /EHsc /RTC1 /MDd /GS /fp:precise /Zc:wchar_t /Zc:forScope /Zc:inline /GR /Fo"cmTC_f0992.dir\Debug\\" /Fd"cmTC_f0992.dir\Debug\vc141.pdb" /Gd /TP /errorReport:queue "F:\SDSU\Fall 2020\CS635\Assignment1\Assignment1_Kavya_Onkarappa_Sunanda_825893660\build\CMakeFiles\feature_tests.cxx"
  feature_tests.cxx
  
Link:
  C:\Program Files (x86)\Microsoft Visual Studio\2017\Community\VC\Tools\MSVC\14.10.25017\bin\HostX64\x64\link.exe /ERRORREPORT:QUEUE /OUT:"F:\SDSU\Fall 2020\CS635\Assignment1\Assignment1_Kavya_Onkarappa_Sunanda_825893660\build\CMakeFiles\CMakeTmp\Debug\cmTC_f0992.exe" /INCREMENTAL /NOLOGO kernel32.lib user32.lib gdi32.lib winspool.lib shell32.lib ole32.lib oleaut32.lib uuid.lib comdlg32.lib advapi32.lib /MANIFEST /MANIFESTUAC:"level='asInvoker' uiAccess='false'" /manifest:embed /DEBUG /PDB:"F:/SDSU/Fall 2020/CS635/Assignment1/Assignment1_Kavya_Onkarappa_Sunanda_825893660/build/CMakeFiles/CMakeTmp/Debug/cmTC_f0992.pdb" /SUBSYSTEM:CONSOLE /TLBID:1 /DYNAMICBASE /NXCOMPAT /IMPLIB:"F:/SDSU/Fall 2020/CS635/Assignment1/Assignment1_Kavya_Onkarappa_Sunanda_825893660/build/CMakeFiles/CMakeTmp/Debug/cmTC_f0992.lib" /MACHINE:X64   /machine:x64 cmTC_f0992.dir\Debug\feature_tests.obj
  cmTC_f0992.vcxproj -> F:\SDSU\Fall 2020\CS635\Assignment1\Assignment1_Kavya_Onkarappa_Sunanda_825893660\build\CMakeFiles\CMakeTmp\Debug\cmTC_f0992.exe
FinalizeBuildStatus:
  Deleting file "cmTC_f0992.dir\Debug\cmTC_f0992.tlog\unsuccessfulbuild".
  Touching "cmTC_f0992.dir\Debug\cmTC_f0992.tlog\cmTC_f0992.lastbuildstate".
Done Building Project "f:\SDSU\Fall 2020\CS635\Assignment1\Assignment1_Kavya_Onkarappa_Sunanda_825893660\build\CMakeFiles\CMakeTmp\cmTC_f0992.vcxproj" (default targets).

Build succeeded.
    0 Warning(s)
    0 Error(s)

Time Elapsed 00:00:04.70


    Feature record: CXX_FEATURE:1cxx_aggregate_default_initializers
    Feature record: CXX_FEATURE:1cxx_alias_templates
    Feature record: CXX_FEATURE:1cxx_alignas
    Feature record: CXX_FEATURE:1cxx_alignof
    Feature record: CXX_FEATURE:1cxx_attributes
    Feature record: CXX_FEATURE:1cxx_attribute_deprecated
    Feature record: CXX_FEATURE:1cxx_auto_type
    Feature record: CXX_FEATURE:1cxx_binary_literals
    Feature record: CXX_FEATURE:1cxx_constexpr
    Feature record: CXX_FEATURE:1cxx_contextual_conversions
    Feature record: CXX_FEATURE:1cxx_decltype
    Feature record: CXX_FEATURE:1cxx_decltype_auto
    Feature record: CXX_FEATURE:1cxx_default_function_template_args
    Feature record: CXX_FEATURE:1cxx_defaulted_functions
    Feature record: CXX_FEATURE:1cxx_defaulted_move_initializers
    Feature record: CXX_FEATURE:1cxx_delegating_constructors
    Feature record: CXX_FEATURE:1cxx_deleted_functions
    Feature record: CXX_FEATURE:1cxx_digit_separators
    Feature record: CXX_FEATURE:1cxx_enum_forward_declarations
    Feature record: CXX_FEATURE:1cxx_explicit_conversions
    Feature record: CXX_FEATURE:1cxx_extended_friend_declarations
    Feature record: CXX_FEATURE:1cxx_extern_templates
    Feature record: CXX_FEATURE:1cxx_final
    Feature record: CXX_FEATURE:1cxx_func_identifier
    Feature record: CXX_FEATURE:1cxx_generalized_initializers
    Feature record: CXX_FEATURE:1cxx_generic_lambdas
    Feature record: CXX_FEATURE:1cxx_inheriting_constructors
    Feature record: CXX_FEATURE:1cxx_inline_namespaces
    Feature record: CXX_FEATURE:1cxx_lambdas
    Feature record: CXX_FEATURE:1cxx_lambda_init_captures
    Feature record: CXX_FEATURE:1cxx_local_type_template_args
    Feature record: CXX_FEATURE:1cxx_long_long_type
    Feature record: CXX_FEATURE:1cxx_noexcept
    Feature record: CXX_FEATURE:1cxx_nonstatic_member_init
    Feature record: CXX_FEATURE:1cxx_nullptr
    Feature record: CXX_FEATURE:1cxx_override
    Feature record: CXX_FEATURE:1cxx_range_for
    Feature record: CXX_FEATURE:1cxx_raw_string_literals
    Feature record: CXX_FEATURE:1cxx_reference_qualified_functions
    Feature record: CXX_FEATURE:1cxx_return_type_deduction
    Feature record: CXX_FEATURE:1cxx_right_angle_brackets
    Feature record: CXX_FEATURE:1cxx_rvalue_references
    Feature record: CXX_FEATURE:1cxx_sizeof_member
    Feature record: CXX_FEATURE:1cxx_static_assert
    Feature record: CXX_FEATURE:1cxx_strong_enums
    Feature record: CXX_FEATURE:1cxx_template_template_parameters
    Feature record: CXX_FEATURE:1cxx_thread_local
    Feature record: CXX_FEATURE:1cxx_trailing_return_types
    Feature record: CXX_FEATURE:1cxx_unicode_literals
    Feature record: CXX_FEATURE:1cxx_uniform_initialization
    Feature record: CXX_FEATURE:1cxx_unrestricted_unions
    Feature record: CXX_FEATURE:1cxx_user_literals
    Feature record: CXX_FEATURE:1cxx_variable_templates
    Feature record: CXX_FEATURE:1cxx_variadic_macros
    Feature record: CXX_FEATURE:1cxx_variadic_templates
